<?xml version="1.0" encoding="UTF-8"?>
<testng-results skipped="0" failed="0" ignored="0" total="1" passed="1">
  <reporter-output>
  </reporter-output>
  <suite name="Default suite" duration-ms="7611" started-at="2022-09-09T22:56:06 IST" finished-at="2022-09-09T22:56:13 IST">
    <groups>
    </groups>
    <test name="Default test" duration-ms="7611" started-at="2022-09-09T22:56:06 IST" finished-at="2022-09-09T22:56:13 IST">
      <class name="scripts.testcase1">
        <test-method status="PASS" signature="openApp()[pri:0, instance:scripts.testcase1@6b57696f]" name="openApp" is-config="true" duration-ms="3615" started-at="2022-09-09T22:56:06 IST" finished-at="2022-09-09T22:56:09 IST">
          <reporter-output>
          </reporter-output>
        </test-method> <!-- openApp -->
        <test-method status="PASS" signature="tc1()[pri:0, instance:scripts.testcase1@6b57696f]" name="tc1" duration-ms="3321" started-at="2022-09-09T22:56:09 IST" finished-at="2022-09-09T22:56:13 IST">
          <reporter-output>
          </reporter-output>
        </test-method> <!-- tc1 -->
        <test-method status="PASS" signature="closeApp(org.testng.ITestResult)[pri:0, instance:scripts.testcase1@6b57696f]" name="closeApp" is-config="true" duration-ms="642" started-at="2022-09-09T22:56:13 IST" finished-at="2022-09-09T22:56:13 IST">
          <params>
            <param index="0">
              <value>
                <![CDATA[[TestResult name=tc1 status=SUCCESS method=testcase1.tc1()[pri:0, instance:scripts.testcase1@6b57696f] output={null}]]]>
              </value>
            </param>
          </params>
          <reporter-output>
          </reporter-output>
        </test-method> <!-- closeApp -->
      </class> <!-- scripts.testcase1 -->
    </test> <!-- Default test -->
  </suite> <!-- Default suite -->
</testng-results>
